<?xml version="1.0" encoding="UTF-8"?>
<!-- Generated by org.testng.reporters.JUnitReportReporter -->
<testsuite hostname="DESKTOP-8CID97K" failures="0" tests="4" name="testng.TestNG_AlphabaticalOrder" time="8.483" errors="0" timestamp="2022-07-30T19:56:54 IST" skipped="0">
  <testcase classname="testng.TestNG_AlphabaticalOrder" name="twitter" time="1.573"/>
  <system-out/>
  <testcase classname="testng.TestNG_AlphabaticalOrder" name="facebook" time="3.447"/>
  <system-out/>
  <testcase classname="testng.TestNG_AlphabaticalOrder" name="selenium" time="1.984"/>
  <system-out/>
  <testcase classname="testng.TestNG_AlphabaticalOrder" name="google" time="1.479"/>
  <system-out/>
</testsuite> <!-- testng.TestNG_AlphabaticalOrder -->
