<?xml version="1.0" encoding="UTF-8"?>
<!-- Generated by org.testng.reporters.JUnitReportReporter -->
<testsuite hostname="DESKTOP-8CID97K" failures="0" tests="2" name="testng.TestNG_IncludeAndExclude" time="4.479" errors="0" timestamp="2022-08-02T13:23:06 IST" skipped="0">
  <testcase classname="testng.TestNG_IncludeAndExclude" name="google" time="3.126"/>
  <system-out/>
  <testcase classname="testng.TestNG_IncludeAndExclude" name="selenium" time="1.353"/>
  <system-out/>
</testsuite> <!-- testng.TestNG_IncludeAndExclude -->
