<?xml version="1.0" encoding="UTF-8"?>
<!-- Generated by org.testng.reporters.JUnitReportReporter -->
<testsuite hostname="DESKTOP-8CID97K" failures="0" tests="1" name="scrolldownandscrollup.ScrollDownScrollUp" time="3.247" errors="0" timestamp="2022-08-04T13:40:39 IST" skipped="0">
  <testcase classname="scrolldownandscrollup.ScrollDownScrollUp" name="IndentifyLoacatorElement" time="3.247"/>
  <system-out/>
</testsuite> <!-- scrolldownandscrollup.ScrollDownScrollUp -->
