<?xml version="1.0" encoding="UTF-8"?>
<!-- Generated by org.testng.reporters.JUnitReportReporter -->
<testsuite hostname="DESKTOP-8CID97K" failures="0" tests="3" name="screenshot.TimeFormatScreenshot" time="25.501" errors="0" timestamp="2022-08-09T18:08:26 IST" skipped="0">
  <testcase classname="screenshot.TimeFormatScreenshot" name="seleniumlearn" time="11.794"/>
  <system-out/>
  <testcase classname="screenshot.TimeFormatScreenshot" name="twitter" time="6.131"/>
  <system-out/>
  <testcase classname="screenshot.TimeFormatScreenshot" name="google" time="7.576"/>
  <system-out/>
</testsuite> <!-- screenshot.TimeFormatScreenshot -->
