<?xml version="1.0" encoding="UTF-8"?>
<!-- Generated by org.testng.reporters.JUnitReportReporter -->
<testsuite hostname="DESKTOP-8CID97K" failures="0" tests="1" name="scrolldownandscrollup.SikuliDesktopAutomation" time="9.872" errors="0" timestamp="2022-08-12T13:34:56 IST" skipped="0">
  <testcase classname="scrolldownandscrollup.SikuliDesktopAutomation" name="sikuliautomation" time="9.872"/>
  <system-out/>
</testsuite> <!-- scrolldownandscrollup.SikuliDesktopAutomation -->
