<?xml version="1.0" encoding="UTF-8"?>
<!-- Generated by org.testng.reporters.JUnitReportReporter -->
<testsuite hostname="DESKTOP-8CID97K" failures="0" tests="1" name="dropdownvalues.DropDownSelect" time="13.301" errors="0" timestamp="2022-08-03T13:00:54 IST" skipped="0">
  <testcase classname="dropdownvalues.DropDownSelect" name="selectdropdown" time="13.301"/>
  <system-out/>
</testsuite> <!-- dropdownvalues.DropDownSelect -->
