<?xml version="1.0" encoding="UTF-8"?>
<!-- Generated by org.testng.reporters.JUnitReportReporter -->
<testsuite hostname="DESKTOP-8CID97K" failures="0" tests="5" name="testng.TestNG_Description" time="16.759" errors="0" timestamp="2022-07-30T20:19:15 IST" skipped="2">
  <testcase classname="testng.TestNG_Description" name="testcase_5" time="8.165"/>
  <system-out/>
  <testcase classname="testng.TestNG_Description" name="testcase_1" time="1.526"/>
  <system-out/>
  <testcase classname="testng.TestNG_Description" name="testcase_2" time="7.068"/>
  <system-out/>
  <testcase classname="testng.TestNG_Description" name="testcase_3">
    <skipped/>
  </testcase> <!-- testcase_3 -->
  <system-out/>
  <testcase classname="testng.TestNG_Description" name="testcase_4">
    <skipped/>
  </testcase> <!-- testcase_4 -->
  <system-out/>
</testsuite> <!-- testng.TestNG_Description -->
