<?xml version="1.0" encoding="UTF-8"?>
<!-- Generated by org.testng.reporters.JUnitReportReporter -->
<testsuite hostname="DESKTOP-8CID97K" failures="0" tests="1" name="sikulitutorial.SikuliDemo" time="10.908" errors="0" timestamp="2022-08-12T13:45:42 IST" skipped="0">
  <testcase classname="sikulitutorial.SikuliDemo" name="withOutSikuli" time="10.908"/>
  <system-out/>
</testsuite> <!-- sikulitutorial.SikuliDemo -->
