<?xml version="1.0" encoding="UTF-8"?>
<!-- Generated by org.testng.reporters.JUnitReportReporter -->
<testsuite hostname="DESKTOP-8CID97K" failures="0" tests="5" name="testng.TestNG_Enabled_False_True" time="10.520" errors="0" timestamp="2022-07-30T20:11:36 IST" skipped="2">
  <testcase classname="testng.TestNG_Enabled_False_True" name="twitter" time="8.525"/>
  <system-out/>
  <testcase classname="testng.TestNG_Enabled_False_True" name="selenium" time="1.432"/>
  <system-out/>
  <testcase classname="testng.TestNG_Enabled_False_True" name="techlearn" time="0.563"/>
  <system-out/>
  <testcase classname="testng.TestNG_Enabled_False_True" name="facebook">
    <skipped/>
  </testcase> <!-- facebook -->
  <system-out/>
  <testcase classname="testng.TestNG_Enabled_False_True" name="google">
    <skipped/>
  </testcase> <!-- google -->
  <system-out/>
</testsuite> <!-- testng.TestNG_Enabled_False_True -->
