<?xml version="1.0" encoding="UTF-8"?>
<!-- Generated by org.testng.reporters.JUnitReportReporter -->
<testsuite hostname="DESKTOP-8CID97K" failures="0" tests="1" name="alertboxOkCancelTextEnter.PopupAlertBoxOkButton" time="22.953" errors="0" timestamp="2022-08-04T12:28:54 IST" skipped="0">
  <testcase classname="alertboxOkCancelTextEnter.PopupAlertBoxOkButton" name="popupAlertOkButton" time="22.953"/>
  <system-out/>
</testsuite> <!-- alertboxOkCancelTextEnter.PopupAlertBoxOkButton -->
