<?xml version="1.0" encoding="UTF-8"?>
<!-- Generated by org.testng.reporters.JUnitReportReporter -->
<testsuite hostname="DESKTOP-8CID97K" failures="0" tests="1" name="workwithNewTabs.NewTabFunctionality" time="27.224" errors="0" timestamp="2022-08-05T13:32:02 IST" skipped="0">
  <testcase classname="workwithNewTabs.NewTabFunctionality" name="newtab" time="27.224"/>
  <system-out/>
</testsuite> <!-- workwithNewTabs.NewTabFunctionality -->
