<?xml version="1.0" encoding="UTF-8"?>
<!-- Generated by org.testng.reporters.JUnitReportReporter -->
<testsuite hostname="DESKTOP-8CID97K" failures="0" tests="1" name="screenshot.FullPageScreenshot" time="35.820" errors="0" timestamp="2022-08-09T18:52:13 IST" skipped="0">
  <testcase classname="screenshot.FullPageScreenshot" name="fullPageScreenshot" time="35.820"/>
  <system-out/>
</testsuite> <!-- screenshot.FullPageScreenshot -->
