<?xml version="1.0" encoding="UTF-8"?>
<!-- Generated by org.testng.reporters.JUnitReportReporter -->
<testsuite hostname="DESKTOP-8CID97K" failures="0" tests="1" name="alertboxOkCancelTextEnter.ConfirmationDialogBoxOkCancel" time="15.744" errors="0" timestamp="2022-08-04T12:40:27 IST" skipped="0">
  <testcase classname="alertboxOkCancelTextEnter.ConfirmationDialogBoxOkCancel" name="OkorCancelAlertBox" time="15.744"/>
  <system-out/>
</testsuite> <!-- alertboxOkCancelTextEnter.ConfirmationDialogBoxOkCancel -->
