<?xml version="1.0" encoding="UTF-8"?>
<!-- Generated by org.testng.reporters.JUnitReportReporter -->
<testsuite hostname="DESKTOP-8CID97K" failures="0" tests="1" name="alertboxOkCancelTextEnter.PromptDialogBox" time="28.569" errors="0" timestamp="2022-08-05T12:28:40 IST" skipped="0">
  <testcase classname="alertboxOkCancelTextEnter.PromptDialogBox" name="WithTime" time="28.569"/>
  <system-out/>
</testsuite> <!-- alertboxOkCancelTextEnter.PromptDialogBox -->
