<?xml version="1.0" encoding="UTF-8"?>
<!-- Generated by org.testng.reporters.JUnitReportReporter -->
<testsuite hostname="DESKTOP-8CID97K" failures="0" tests="1" name="screenshot.BugScreenshot" time="2.787" errors="0" timestamp="2022-08-09T18:20:51 IST" skipped="0">
  <testcase classname="screenshot.BugScreenshot" name="TakeScreenshot" time="2.787"/>
  <system-out/>
</testsuite> <!-- screenshot.BugScreenshot -->
