<?xml version="1.0" encoding="UTF-8"?>
<!-- Generated by org.testng.reporters.JUnitReportReporter -->
<testsuite hostname="DESKTOP-8CID97K" failures="0" tests="2" name="testng.DependsOnMethods" time="5.637" errors="0" timestamp="2022-08-02T13:26:24 IST" skipped="0">
  <testcase classname="testng.DependsOnMethods" name="method1" time="2.442"/>
  <system-out/>
  <testcase classname="testng.DependsOnMethods" name="method2" time="3.195"/>
  <system-out/>
</testsuite> <!-- testng.DependsOnMethods -->
