<?xml version="1.0" encoding="UTF-8"?>
<!-- Generated by org.testng.reporters.JUnitReportReporter -->
<testsuite hostname="DESKTOP-8CID97K" failures="0" tests="4" name="testng.TestNG_Priority" time="8.400" errors="0" timestamp="2022-07-30T20:03:21 IST" skipped="0">
  <testcase classname="testng.TestNG_Priority" name="twitter" time="3.586"/>
  <system-out/>
  <testcase classname="testng.TestNG_Priority" name="google" time="2.060"/>
  <system-out/>
  <testcase classname="testng.TestNG_Priority" name="selenium" time="1.490"/>
  <system-out/>
  <testcase classname="testng.TestNG_Priority" name="facebook" time="1.264"/>
  <system-out/>
</testsuite> <!-- testng.TestNG_Priority -->
